c:\vc实验题\mfc-12-1\mfc-12-1\debug\mfc-12-1.pch
c:\vc实验题\mfc-12-1\mfc-12-1\debug\vc140.pdb
c:\vc实验题\mfc-12-1\mfc-12-1\debug\vc140.idb
c:\vc实验题\mfc-12-1\mfc-12-1\debug\stdafx.obj
c:\vc实验题\mfc-12-1\mfc-12-1\debug\mainfrm.obj
c:\vc实验题\mfc-12-1\mfc-12-1\debug\mfc-12-1.obj
c:\vc实验题\mfc-12-1\mfc-12-1\debug\mfc-12-1doc.obj
c:\vc实验题\mfc-12-1\mfc-12-1\debug\mfc-12-1set.obj
c:\vc实验题\mfc-12-1\mfc-12-1\debug\mfc-12-1view.obj
c:\vc实验题\mfc-12-1\debug\mfc-12-1.ilk
c:\vc实验题\mfc-12-1\debug\mfc-12-1.exe
c:\vc实验题\mfc-12-1\debug\mfc-12-1.pdb
c:\vc实验题\mfc-12-1\mfc-12-1\debug\mfc-12-1.res
c:\vc实验题\mfc-12-1\mfc-12-1\debug\mfc-12-1.tlog\cl.command.1.tlog
c:\vc实验题\mfc-12-1\mfc-12-1\debug\mfc-12-1.tlog\cl.read.1.tlog
c:\vc实验题\mfc-12-1\mfc-12-1\debug\mfc-12-1.tlog\cl.write.1.tlog
c:\vc实验题\mfc-12-1\mfc-12-1\debug\mfc-12-1.tlog\link.command.1.tlog
c:\vc实验题\mfc-12-1\mfc-12-1\debug\mfc-12-1.tlog\link.read.1.tlog
c:\vc实验题\mfc-12-1\mfc-12-1\debug\mfc-12-1.tlog\link.write.1.tlog
c:\vc实验题\mfc-12-1\mfc-12-1\debug\mfc-12-1.tlog\rc.command.1.tlog
c:\vc实验题\mfc-12-1\mfc-12-1\debug\mfc-12-1.tlog\rc.read.1.tlog
c:\vc实验题\mfc-12-1\mfc-12-1\debug\mfc-12-1.tlog\rc.write.1.tlog
