d:\十一周\mfc-12-3\mfc-12-3\debug\mfc-12-3.pch
d:\十一周\mfc-12-3\mfc-12-3\debug\vc140.pdb
d:\十一周\mfc-12-3\mfc-12-3\debug\vc140.idb
d:\十一周\mfc-12-3\mfc-12-3\debug\stdafx.obj
d:\十一周\mfc-12-3\mfc-12-3\debug\mainfrm.obj
d:\十一周\mfc-12-3\mfc-12-3\debug\mfc-12-3.obj
d:\十一周\mfc-12-3\mfc-12-3\debug\mfc-12-3doc.obj
d:\十一周\mfc-12-3\mfc-12-3\debug\mfc-12-3view.obj
d:\十一周\mfc-12-3\mfc-12-3\debug\mfc-12-3set.obj
d:\十一周\mfc-12-3\debug\mfc-12-3.ilk
d:\十一周\mfc-12-3\debug\mfc-12-3.exe
d:\十一周\mfc-12-3\debug\mfc-12-3.pdb
d:\十一周\mfc-12-3\mfc-12-3\debug\mfc-12-3.res
d:\十一周\mfc-12-3\mfc-12-3\debug\mfc-12-3.tlog\cl.command.1.tlog
d:\十一周\mfc-12-3\mfc-12-3\debug\mfc-12-3.tlog\cl.read.1.tlog
d:\十一周\mfc-12-3\mfc-12-3\debug\mfc-12-3.tlog\cl.write.1.tlog
d:\十一周\mfc-12-3\mfc-12-3\debug\mfc-12-3.tlog\link.command.1.tlog
d:\十一周\mfc-12-3\mfc-12-3\debug\mfc-12-3.tlog\link.read.1.tlog
d:\十一周\mfc-12-3\mfc-12-3\debug\mfc-12-3.tlog\link.write.1.tlog
d:\十一周\mfc-12-3\mfc-12-3\debug\mfc-12-3.tlog\rc.command.1.tlog
d:\十一周\mfc-12-3\mfc-12-3\debug\mfc-12-3.tlog\rc.read.1.tlog
d:\十一周\mfc-12-3\mfc-12-3\debug\mfc-12-3.tlog\rc.write.1.tlog
